<?xml version="1.0" encoding="UTF-8"?>
<!-- Generated by org.testng.reporters.JUnitReportReporter -->
<testsuite hostname="IslamAbdAlazezPC" failures="0" tests="1" name="AutomationJourney2019.WEBSites.Udemy.UserLoginTestClass" time="3.644" errors="0" timestamp="13 Mar 2019 08:40:00 GMT" skipped="0">
  <testcase classname="AutomationJourney2019.WEBSites.Udemy.UserLoginTestClass" name="UdemyLogIn" time="3.644"/>
</testsuite> <!-- AutomationJourney2019.WEBSites.Udemy.UserLoginTestClass -->
