<?xml version="1.0" encoding="UTF-8"?>
<!-- Generated by org.testng.reporters.JUnitReportReporter -->
<testsuite hostname="IslamAbdAlazezPC" failures="0" tests="1" name="AutomationJourney2019.WEBSites.Udemy.Tests.SignUpNewUserTestClass" time="3.180" errors="0" timestamp="03 Apr 2019 09:49:07 GMT" skipped="0">
  <testcase classname="AutomationJourney2019.WEBSites.Udemy.Tests.SignUpNewUserTestClass" name="UdemySignUpNewUser" time="3.180"/>
</testsuite> <!-- AutomationJourney2019.WEBSites.Udemy.Tests.SignUpNewUserTestClass -->
